<?xml version="1.0" encoding="UTF-8" ?>
<testsuite tests="5" failures="0" name="com.acme.corp.tracker.extension.SubsystemParsingTestCase" time="0.657" errors="0" skipped="0">
  <properties>
[...]
</properties>
  <testcase classname="com.acme.corp.tracker.extension.SubsystemParsingTestCase" name="testParseSubsystem" time="0.07"/>
  <testcase classname="com.acme.corp.tracker.extension.SubsystemParsingTestCase" name="testInstallIntoController" time="0.391"/>
  <testcase classname="com.acme.corp.tracker.extension.SubsystemParsingTestCase" name="testParseAndMarshalModel" time="0.039"/>
  <testcase classname="com.acme.corp.tracker.extension.SubsystemParsingTestCase" name="testDescribeHandler" time="0.05"/>
  <testcase classname="com.acme.corp.tracker.extension.SubsystemParsingTestCase" name="testSubsystemRemoval" time="0.03"/>
</testsuite>